<?xml version="1.0" encoding="UTF-8"?>
<!-- Generated by org.testng.reporters.JUnitReportReporter -->
<testsuite hostname="DESKTOP-2LFR5KM" failures="0" tests="2" name="tests.Test_01" time="7.846" errors="0" timestamp="2023-10-15T21:28:38 IST" skipped="0">
  <testcase classname="tests.Test_01" name="example_1" time="0.076"/>
  <testcase classname="tests.Test_01" name="example_02" time="7.770"/>
</testsuite> <!-- tests.Test_01 -->
