<?xml version="1.0" encoding="UTF-8"?>
<!-- Generated by org.testng.reporters.JUnitReportReporter -->
<testsuite hostname="LOITL-SE15" failures="0" tests="4" name="tests.GetAndPost" time="2.287" errors="0" timestamp="2023-10-16T11:23:23 IST" skipped="0">
  <testcase classname="tests.GetAndPost" name="testGet" time="0.752"/>
  <testcase classname="tests.GetAndPost" name="testPost" time="0.220"/>
  <testcase classname="tests.GetAndPost" name="testDeleteObject" time="1.147"/>
  <testcase classname="tests.GetAndPost" name="testPut" time="0.168"/>
</testsuite> <!-- tests.GetAndPost -->
