<?xml version="1.0" encoding="UTF-8"?>
<!-- Generated by org.testng.reporters.JUnitReportReporter -->
<testsuite hostname="LOITL-SE15" failures="0" tests="5" name="tests.BeforeModifyAPT" time="2.570" errors="0" timestamp="2023-10-19T10:57:50 IST" skipped="0">
  <testcase classname="tests.BeforeModifyAPT" name="GetSpecificItem" time="0.171"/>
  <testcase classname="tests.BeforeModifyAPT" name="GetRequest" time="1.869"/>
  <testcase classname="tests.BeforeModifyAPT" name="PostRequest" time="0.200"/>
  <testcase classname="tests.BeforeModifyAPT" name="DeleteRequest" time="0.004"/>
  <testcase classname="tests.BeforeModifyAPT" name="PutRequest" time="0.326"/>
</testsuite> <!-- tests.BeforeModifyAPT -->
