<?xml version="1.0" encoding="UTF-8"?>
<!-- Generated by org.testng.reporters.JUnitReportReporter -->
<testsuite hostname="LOITL-SE15" failures="0" tests="1" name="tests.APITests" time="2.321" errors="0" timestamp="2023-10-20T12:33:52 IST" skipped="0">
  <testcase classname="tests.APITests" name="deleteObjectTest" time="2.321"/>
</testsuite> <!-- tests.APITests -->
