<?xml version="1.0" encoding="UTF-8"?>
<!-- Generated by org.testng.reporters.JUnitReportReporter -->
<testsuite hostname="LOITL-SE15" failures="0" tests="5" name="tests.API" time="2.302" errors="0" timestamp="2023-10-16T14:03:12 IST" skipped="0">
  <testcase classname="tests.API" name="DeleteRequest" time="0.004"/>
  <testcase classname="tests.API" name="PutRequest" time="0.316"/>
  <testcase classname="tests.API" name="PostRequest" time="0.238"/>
  <testcase classname="tests.API" name="GetSpecificItem" time="0.259"/>
  <testcase classname="tests.API" name="GetRequest" time="1.485"/>
</testsuite> <!-- tests.API -->
