<?xml version="1.0" encoding="UTF-8"?>
<!-- Generated by org.testng.reporters.JUnitReportReporter -->
<testsuite hostname="LOITL-SE15" failures="0" tests="1" name="tests.Test_01" time="2.001" errors="0" timestamp="2023-10-16T15:02:55 IST" skipped="0">
  <testcase classname="tests.Test_01" name="example_1" time="2.001"/>
</testsuite> <!-- tests.Test_01 -->
