<?xml version="1.0" encoding="UTF-8"?>
<!-- Generated by org.testng.reporters.JUnitReportReporter -->
<testsuite hostname="LOITL-SE15" failures="0" tests="4" name="tests.APITests" time="2.926" errors="0" timestamp="2023-10-20T12:39:21 IST" skipped="0">
  <testcase classname="tests.APITests" name="putObjectTest" time="0.301"/>
  <testcase classname="tests.APITests" name="postObjectTest" time="0.144"/>
  <testcase classname="tests.APITests" name="deleteObjectTest" time="2.354"/>
  <testcase classname="tests.APITests" name="getObjectByIdTest" time="0.127"/>
</testsuite> <!-- tests.APITests -->
