<?xml version="1.0" encoding="UTF-8"?>
<!-- Generated by org.testng.reporters.JUnitReportReporter -->
<testsuite hostname="LOITL-SE15" failures="0" tests="1" name="tests.APITests" time="0.008" errors="0" timestamp="2023-10-20T12:28:27 IST" skipped="0">
  <testcase classname="tests.APITests" name="deleteObjectTest" time="0.008"/>
</testsuite> <!-- tests.APITests -->
